#
# A fatal error has been detected by the Java Runtime Environment:
#
#  EXCEPTION_ACCESS_VIOLATION (0xc0000005) at pc=0x00007ffd46ee7e36, pid=7708, tid=18832
#
# JRE version: OpenJDK Runtime Environment (14.0.1+7) (build 14.0.1+7)
# Java VM: OpenJDK 64-Bit Server VM (14.0.1+7, mixed mode, sharing, tiered, compressed oops, g1 gc, windows-amd64)
# Problematic frame:
# V  [jvm.dll+0x2e7e36]
#
# No core dump will be written. Minidumps are not enabled by default on client versions of Windows
#
# If you would like to submit a bug report, please visit:
#   https://bugreport.java.com/bugreport/crash.jsp
#

---------------  S U M M A R Y ------------

Command Line: -javaagent:C:\Program Files\JetBrains\IntelliJ IDEA Educational Edition 2020.1.1\lib\idea_rt.jar=64539:C:\Program Files\JetBrains\IntelliJ IDEA Educational Edition 2020.1.1\bin -Dfile.encoding=UTF-8 com.sample.app.demo.DemoApplication

Host: Intel(R) Core(TM) i5-1035G1 CPU @ 1.00GHz, 8 cores, 7G,  Windows 10 , 64 bit Build 18362 (10.0.18362.329)
Time: Sun Jun 28 17:39:27 2020 India Standard Time elapsed time: 3 seconds (0d 0h 0m 3s)

---------------  T H R E A D  ---------------

Current thread (0x000001aca7820000):  JavaThread "C2 CompilerThread2" daemon [_thread_in_native, id=18832, stack(0x000000a02cd00000,0x000000a02ce00000)]


Current CompileTask:
C2:   3374 3748       4       org.springframework.core.BridgeMethodResolver::findBridgedMethod (117 bytes)

Stack: [0x000000a02cd00000,0x000000a02ce00000],  sp=0x000000a02cdfb920,  free space=1006k
Native frames: (J=compiled Java code, j=interpreted, Vv=VM code, C=native code)
V  [jvm.dll+0x2e7e36]
V  [jvm.dll+0x2e8f13]
V  [jvm.dll+0x2e693a]
V  [jvm.dll+0x2e5f4a]
V  [jvm.dll+0x1e5e16]
V  [jvm.dll+0x1e50b8]
V  [jvm.dll+0x1779cc]
V  [jvm.dll+0x1f4105]
V  [jvm.dll+0x1f22eb]
V  [jvm.dll+0x706a9d]
V  [jvm.dll+0x6ff8ba]
V  [jvm.dll+0x5f72c6]
C  [ucrtbase.dll+0x20e72]
C  [KERNEL32.DLL+0x17bd4]
C  [ntdll.dll+0x6ced1]


siginfo: EXCEPTION_ACCESS_VIOLATION (0xc0000005), reading address 0x0000000000000068


Register to memory mapping:

RIP=0x00007ffd46ee7e36 jvm.dll
RAX=0x0000000000004412 is an unknown value
RBX=0x00000000000000ac is an unknown value
RCX=0x000001acaa7c9af0 points into unknown readable memory: b0 43 2f aa ac 01 00 00
RDX=0x000000000000159b is an unknown value
RSP=0x000000a02cdfb920 is pointing into the stack for thread: 0x000001aca7820000
RBP=0x000000a02cdfba70 is pointing into the stack for thread: 0x000001aca7820000
RSI=0x0 is NULL
RDI=0x0000000000000001 is an unknown value
R8 =0x000000a02cdfba70 is pointing into the stack for thread: 0x000001aca7820000
R9 =0x0000000000000018 is an unknown value
R10=0x000001aca9f81250 points into unknown readable memory: a0 fe 96 a8 ac 01 00 00
R11=0x000001aca4ae6d20 points into unknown readable memory: e8 5e 47 a7 ac 01 00 00
R12=0x000001aca896fe01 points into unknown readable memory: 00 00 00 30 00 00 00
R13=0x000000a02cdfbec0 is pointing into the stack for thread: 0x000001aca7820000
R14=0x000001aca896f140 points into unknown readable memory: 70 7e 3e 47 fd 7f 00 00
R15=0x000000a02cdfb980 is pointing into the stack for thread: 0x000001aca7820000


Registers:
RAX=0x0000000000004412, RBX=0x00000000000000ac, RCX=0x000001acaa7c9af0, RDX=0x000000000000159b
RSP=0x000000a02cdfb920, RBP=0x000000a02cdfba70, RSI=0x0000000000000000, RDI=0x0000000000000001
R8 =0x000000a02cdfba70, R9 =0x0000000000000018, R10=0x000001aca9f81250, R11=0x000001aca4ae6d20
R12=0x000001aca896fe01, R13=0x000000a02cdfbec0, R14=0x000001aca896f140, R15=0x000000a02cdfb980
RIP=0x00007ffd46ee7e36, EFLAGS=0x0000000000010246

Top of Stack: (sp=0x000000a02cdfb920)
0x000000a02cdfb920:   000001aca4ae6d38 000001aca4ae6d38
0x000000a02cdfb930:   000000a02cdfbec0 000001aca4ae6dc8
0x000000a02cdfb940:   000001aca4ae6d38 000001aca4ae6dc8
0x000000a02cdfb950:   000001aca4ae6d38 00007ffd46ee8f13
0x000000a02cdfb960:   000001aca896ff00 000001aca896ff00
0x000000a02cdfb970:   0000000000000000 000001aca4ae6d00
0x000000a02cdfb980:   000000a02cdfba70 000000a02cdfba20
0x000000a02cdfb990:   000000a02cdfbec0 000001aca7b07a20
0x000000a02cdfb9a0:   0000000000000000 000001aca7b07a20
0x000000a02cdfb9b0:   000001aca73f9160 000001aca7b07a20
0x000000a02cdfb9c0:   000000a02cdfbad0 00007ffd46ee693a
0x000000a02cdfb9d0:   000001aca8ac5a10 000001aca5d34d58
0x000000a02cdfb9e0:   000000a02cdfbec0 000001aca7b07a20
0x000000a02cdfb9f0:   000001ac82ef0000 00007ffd889c1eb3
0x000000a02cdfba00:   000001ac82ef0000 000001ac82ef0000
0x000000a02cdfba10:   0000000000001804 0000000000000400 

Instructions: (pc=0x00007ffd46ee7e36)
0x00007ffd46ee7d36:   08 0f 42 d8 48 ff c5 49 3b ee 72 de 44 8b c3 48
0x00007ffd46ee7d46:   8b d7 49 8b cc 48 8b 5c 24 40 48 8b 6c 24 48 48
0x00007ffd46ee7d56:   8b 74 24 50 48 8b 7c 24 58 48 83 c4 20 41 5f 41
0x00007ffd46ee7d66:   5e 41 5c e9 a2 16 00 00 cc cc 41 57 48 83 ec 30
0x00007ffd46ee7d76:   48 8b 51 08 4c 8b f9 4c 8b 02 49 8b c0 48 2b 42
0x00007ffd46ee7d86:   10 48 83 c0 10 48 c1 e8 04 85 c0 75 09 33 c0 48
0x00007ffd46ee7d96:   83 c4 30 41 5f c3 48 89 5c 24 40 49 8d 40 f0 48
0x00007ffd46ee7da6:   89 6c 24 48 48 89 74 24 50 48 89 7c 24 58 4c 89
0x00007ffd46ee7db6:   64 24 28 4d 8b 20 4c 89 74 24 20 4d 8b f4 49 83
0x00007ffd46ee7dc6:   e6 fe 41 80 e4 01 41 8b 7e 20 41 39 78 08 41 0f
0x00007ffd46ee7dd6:   42 78 08 48 89 02 0f 1f 40 00 41 8b 76 28 8b de
0x00007ffd46ee7de6:   49 8b 2f c1 eb 05 3b 5d 00 72 0a 8b d3 48 8b cd
0x00007ffd46ee7df6:   e8 b5 3c 44 00 48 8b 45 08 83 e6 1f 48 8d 14 98
0x00007ffd46ee7e06:   8b 04 98 0f ab f0 89 02 41 0f b6 46 2c 24 0f 3c
0x00007ffd46ee7e16:   08 75 09 49 8b 46 08 48 8b 08 eb 03 49 8b ce 49
0x00007ffd46ee7e26:   8b 47 10 33 f6 8b 51 28 48 8b 48 78 48 8b 04 d1
0x00007ffd46ee7e36:   8b 68 68 85 ff 0f 84 c2 00 00 00 0f 1f 40 00 66
0x00007ffd46ee7e46:   66 66 0f 1f 84 00 00 00 00 00 49 8b 5e 10 ff cf
0x00007ffd46ee7e56:   4d 8b 07 48 8b 1c fb 8b 4b 28 8b c1 c1 e8 05 41
0x00007ffd46ee7e66:   3b 00 73 11 8b d0 83 e1 1f 49 8b 40 08 8b 04 90
0x00007ffd46ee7e76:   0f a3 c8 72 48 0f b6 43 2c 24 0f 3c 08 75 09 48
0x00007ffd46ee7e86:   8b 43 08 4c 8b 00 eb 03 4c 8b c3 49 8b 47 10 41
0x00007ffd46ee7e96:   8b 50 28 48 8b 48 78 48 8b 04 d1 39 68 68 72 1d
0x00007ffd46ee7ea6:   75 0b 41 0f b6 40 2c 24 0f 3c 0c 74 10 48 8b cb
0x00007ffd46ee7eb6:   48 8b f3 e8 12 25 2f 00 41 3a c4 74 04 85 ff 75
0x00007ffd46ee7ec6:   89 48 85 f6 74 37 49 8b 5f 08 48 83 03 10 48 8b
0x00007ffd46ee7ed6:   0b 48 3b 4b 08 72 0b 48 8b cb e8 9b 14 2f 00 48
0x00007ffd46ee7ee6:   8b 0b 41 0f b6 c4 49 0b c6 89 79 08 48 89 01 4c
0x00007ffd46ee7ef6:   8b f6 8b 7e 20 45 32 e4 e9 dd fe ff ff 45 84 e4
0x00007ffd46ee7f06:   75 0c 41 8b 7e 20 41 b4 01 e9 cc fe ff ff 4c 8b
0x00007ffd46ee7f16:   64 24 28 49 8b c6 4c 8b 74 24 20 48 8b 7c 24 58
0x00007ffd46ee7f26:   48 8b 74 24 50 48 8b 6c 24 48 48 8b 5c 24 40 48 


Stack slot to memory mapping:
stack at sp + 0 slots: 0x000001aca4ae6d38 points into unknown readable memory: b0 f8 3b 47 fd 7f 00 00
stack at sp + 1 slots: 0x000001aca4ae6d38 points into unknown readable memory: b0 f8 3b 47 fd 7f 00 00
stack at sp + 2 slots: 0x000000a02cdfbec0 is pointing into the stack for thread: 0x000001aca7820000
stack at sp + 3 slots: 0x000001aca4ae6dc8 points into unknown readable memory: 02 00 00 00 04 00 00 00
stack at sp + 4 slots: 0x000001aca4ae6d38 points into unknown readable memory: b0 f8 3b 47 fd 7f 00 00
stack at sp + 5 slots: 0x000001aca4ae6dc8 points into unknown readable memory: 02 00 00 00 04 00 00 00
stack at sp + 6 slots: 0x000001aca4ae6d38 points into unknown readable memory: b0 f8 3b 47 fd 7f 00 00
stack at sp + 7 slots: 0x00007ffd46ee8f13 jvm.dll


---------------  P R O C E S S  ---------------

Threads class SMR info:
_java_thread_list=0x000001acaa6c3ac0, length=18, elements={
0x000001ac83070800, 0x000001aca3f48800, 0x000001aca3f4c000, 0x000001aca3f63000,
0x000001aca3f65000, 0x000001aca3f67000, 0x000001aca3f6b800, 0x000001aca3f70000,
0x000001aca3f7b000, 0x000001aca499c000, 0x000001aca49d3000, 0x000001aca4d1b800,
0x000001aca4bfb000, 0x000001aca7820000, 0x000001aca7791000, 0x000001aca8444000,
0x000001aca8e29800, 0x000001acaa40b800
}

Java Threads: ( => current thread )
  0x000001ac83070800 JavaThread "main" [_thread_in_native, id=1740, stack(0x000000a02b900000,0x000000a02ba00000)]
  0x000001aca3f48800 JavaThread "Reference Handler" daemon [_thread_blocked, id=3508, stack(0x000000a02c000000,0x000000a02c100000)]
  0x000001aca3f4c000 JavaThread "Finalizer" daemon [_thread_blocked, id=16488, stack(0x000000a02c100000,0x000000a02c200000)]
  0x000001aca3f63000 JavaThread "Signal Dispatcher" daemon [_thread_blocked, id=10492, stack(0x000000a02c200000,0x000000a02c300000)]
  0x000001aca3f65000 JavaThread "Attach Listener" daemon [_thread_blocked, id=4600, stack(0x000000a02c300000,0x000000a02c400000)]
  0x000001aca3f67000 JavaThread "Service Thread" daemon [_thread_blocked, id=18804, stack(0x000000a02c400000,0x000000a02c500000)]
  0x000001aca3f6b800 JavaThread "C2 CompilerThread0" daemon [_thread_in_native, id=16808, stack(0x000000a02c500000,0x000000a02c600000)]
  0x000001aca3f70000 JavaThread "C1 CompilerThread0" daemon [_thread_blocked, id=12508, stack(0x000000a02c600000,0x000000a02c700000)]
  0x000001aca3f7b000 JavaThread "Sweeper thread" daemon [_thread_blocked, id=14828, stack(0x000000a02c700000,0x000000a02c800000)]
  0x000001aca499c000 JavaThread "Common-Cleaner" daemon [_thread_blocked, id=15216, stack(0x000000a02c800000,0x000000a02c900000)]
  0x000001aca49d3000 JavaThread "C2 CompilerThread1" daemon [_thread_in_native, id=16248, stack(0x000000a02c900000,0x000000a02ca00000)]
  0x000001aca4d1b800 JavaThread "Monitor Ctrl-Break" daemon [_thread_in_native, id=12124, stack(0x000000a02ca00000,0x000000a02cb00000)]
  0x000001aca4bfb000 JavaThread "Notification Thread" daemon [_thread_blocked, id=9496, stack(0x000000a02cb00000,0x000000a02cc00000)]
=>0x000001aca7820000 JavaThread "C2 CompilerThread2" daemon [_thread_in_native, id=18832, stack(0x000000a02cd00000,0x000000a02ce00000)]
  0x000001aca7791000 JavaThread "Catalina-utility-1" [_thread_blocked, id=2912, stack(0x000000a02d300000,0x000000a02d400000)]
  0x000001aca8444000 JavaThread "Catalina-utility-2" [_thread_blocked, id=19828, stack(0x000000a02d400000,0x000000a02d500000)]
  0x000001aca8e29800 JavaThread "container-0" [_thread_blocked, id=20244, stack(0x000000a02d500000,0x000000a02d600000)]
  0x000001acaa40b800 JavaThread "mysql-cj-abandoned-connection-cleanup" daemon [_thread_blocked, id=17512, stack(0x000000a02d600000,0x000000a02d700000)]

Other Threads:
  0x000001aca3f40800 VMThread "VM Thread" [stack: 0x000000a02bf00000,0x000000a02c000000] [id=16732]
  0x000001aca4bfc000 WatcherThread [stack: 0x000000a02cc00000,0x000000a02cd00000] [id=4688]
  0x000001ac830b3000 GCTaskThread "GC Thread#0" [stack: 0x000000a02ba00000,0x000000a02bb00000] [id=12796]
  0x000001aca597f000 GCTaskThread "GC Thread#1" [stack: 0x000000a02ce00000,0x000000a02cf00000] [id=13168]
  0x000001aca5980800 GCTaskThread "GC Thread#2" [stack: 0x000000a02cf00000,0x000000a02d000000] [id=4528]
  0x000001aca57f5800 GCTaskThread "GC Thread#3" [stack: 0x000000a02d000000,0x000000a02d100000] [id=18168]
  0x000001ac830c5000 ConcurrentGCThread "G1 Main Marker" [stack: 0x000000a02bb00000,0x000000a02bc00000] [id=13076]
  0x000001ac830c6800 ConcurrentGCThread "G1 Conc#0" [stack: 0x000000a02bc00000,0x000000a02bd00000] [id=6240]
  0x000001aca7267800 ConcurrentGCThread "G1 Conc#1" [stack: 0x000000a02d200000,0x000000a02d300000] [id=13552]
  0x000001aca3db7800 ConcurrentGCThread "G1 Refine#0" [stack: 0x000000a02bd00000,0x000000a02be00000] [id=18172]
  0x000001aca4a2c800 ConcurrentGCThread "G1 Refine#1" [stack: 0x000000a02d100000,0x000000a02d200000] [id=20152]
  0x000001aca3db8800 ConcurrentGCThread "G1 Young RemSet Sampling" [stack: 0x000000a02be00000,0x000000a02bf00000] [id=20432]

Threads with active compile tasks:
C2 CompilerThread0     3406 3711       4       org.springframework.core.annotation.AnnotationsScanner::process (49 bytes)
C2 CompilerThread1     3406 3732       4       org.springframework.core.annotation.AnnotationsScanner::processMethodHierarchy (274 bytes)
C2 CompilerThread2     3406 3748       4       org.springframework.core.BridgeMethodResolver::findBridgedMethod (117 bytes)

VM state:not at safepoint (normal execution)

VM Mutex/Monitor currently owned by a thread: None

Heap address: 0x0000000083200000, size: 1998 MB, Compressed Oops mode: 32-bit
Narrow klass base: 0x0000000800000000, Narrow klass shift: 3
Compressed class space size: 1073741824 Address: 0x0000000800b30000

Heap:
 garbage-first heap   total 58368K, used 41872K [0x0000000083200000, 0x0000000100000000)
  region size 1024K, 27 young (27648K), 1 survivors (1024K)
 Metaspace       used 33842K, capacity 34819K, committed 34992K, reserved 1079296K
  class space    used 4424K, capacity 4796K, committed 4864K, reserved 1048576K
Heap Regions: E=young(eden), S=young(survivor), O=old, HS=humongous(starts), HC=humongous(continues), CS=collection set, F=free, OA=open archive, CA=closed archive, TAMS=top-at-mark-start (previous, next)
|   0|0x0000000083200000, 0x0000000083300000, 0x0000000083300000|100%|HS|  |TAMS 0x0000000083300000, 0x0000000083200000| Complete 
|   1|0x0000000083300000, 0x0000000083400000, 0x0000000083400000|100%| O|  |TAMS 0x0000000083400000, 0x0000000083300000| Untracked 
|   2|0x0000000083400000, 0x0000000083500000, 0x0000000083500000|100%| O|  |TAMS 0x0000000083500000, 0x0000000083400000| Untracked 
|   3|0x0000000083500000, 0x0000000083600000, 0x0000000083600000|100%| O|  |TAMS 0x0000000083600000, 0x0000000083500000| Untracked 
|   4|0x0000000083600000, 0x0000000083700000, 0x0000000083700000|100%| O|  |TAMS 0x0000000083700000, 0x0000000083600000| Untracked 
|   5|0x0000000083700000, 0x0000000083800000, 0x0000000083800000|100%| O|  |TAMS 0x0000000083800000, 0x0000000083700000| Untracked 
|   6|0x0000000083800000, 0x0000000083900000, 0x0000000083900000|100%| O|  |TAMS 0x0000000083900000, 0x0000000083800000| Untracked 
|   7|0x0000000083900000, 0x0000000083945600, 0x0000000083a00000| 27%| O|  |TAMS 0x0000000083945600, 0x0000000083900000| Untracked 
|   8|0x0000000083a00000, 0x0000000083b00000, 0x0000000083b00000|100%| O|  |TAMS 0x0000000083a00000, 0x0000000083a00000| Untracked 
|   9|0x0000000083b00000, 0x0000000083c00000, 0x0000000083c00000|100%| O|  |TAMS 0x0000000083b00000, 0x0000000083b00000| Untracked 
|  10|0x0000000083c00000, 0x0000000083d00000, 0x0000000083d00000|100%| O|  |TAMS 0x0000000083c00000, 0x0000000083c00000| Untracked 
|  11|0x0000000083d00000, 0x0000000083e00000, 0x0000000083e00000|100%| O|  |TAMS 0x0000000083d00000, 0x0000000083d00000| Untracked 
|  12|0x0000000083e00000, 0x0000000083f00000, 0x0000000083f00000|100%| O|  |TAMS 0x0000000083e00000, 0x0000000083e00000| Untracked 
|  13|0x0000000083f00000, 0x0000000084000000, 0x0000000084000000|100%| O|  |TAMS 0x0000000083f00000, 0x0000000083f00000| Untracked 
|  14|0x0000000084000000, 0x0000000084100000, 0x0000000084100000|100%| O|  |TAMS 0x0000000084000000, 0x0000000084000000| Untracked 
|  15|0x0000000084100000, 0x000000008419ea00, 0x0000000084200000| 61%| O|  |TAMS 0x0000000084100000, 0x0000000084100000| Untracked 
|  16|0x0000000084200000, 0x0000000084200000, 0x0000000084300000|  0%| F|  |TAMS 0x0000000084200000, 0x0000000084200000| Untracked 
|  17|0x0000000084300000, 0x0000000084300000, 0x0000000084400000|  0%| F|  |TAMS 0x0000000084300000, 0x0000000084300000| Untracked 
|  18|0x0000000084400000, 0x0000000084400000, 0x0000000084500000|  0%| F|  |TAMS 0x0000000084400000, 0x0000000084400000| Untracked 
|  19|0x0000000084500000, 0x0000000084500000, 0x0000000084600000|  0%| F|  |TAMS 0x0000000084500000, 0x0000000084500000| Untracked 
|  20|0x0000000084600000, 0x0000000084600000, 0x0000000084700000|  0%| F|  |TAMS 0x0000000084600000, 0x0000000084600000| Untracked 
|  21|0x0000000084700000, 0x0000000084700000, 0x0000000084800000|  0%| F|  |TAMS 0x0000000084700000, 0x0000000084700000| Untracked 
|  22|0x0000000084800000, 0x0000000084800000, 0x0000000084900000|  0%| F|  |TAMS 0x0000000084800000, 0x0000000084800000| Untracked 
|  23|0x0000000084900000, 0x0000000084900000, 0x0000000084a00000|  0%| F|  |TAMS 0x0000000084900000, 0x0000000084900000| Untracked 
|  24|0x0000000084a00000, 0x0000000084a00000, 0x0000000084b00000|  0%| F|  |TAMS 0x0000000084a00000, 0x0000000084a00000| Untracked 
|  25|0x0000000084b00000, 0x0000000084b00000, 0x0000000084c00000|  0%| F|  |TAMS 0x0000000084b00000, 0x0000000084b00000| Untracked 
|  26|0x0000000084c00000, 0x0000000084c00000, 0x0000000084d00000|  0%| F|  |TAMS 0x0000000084c00000, 0x0000000084c00000| Untracked 
|  27|0x0000000084d00000, 0x0000000084d00000, 0x0000000084e00000|  0%| F|  |TAMS 0x0000000084d00000, 0x0000000084d00000| Untracked 
|  28|0x0000000084e00000, 0x0000000084f00000, 0x0000000084f00000|100%| S|CS|TAMS 0x0000000084e00000, 0x0000000084e00000| Complete 
|  29|0x0000000084f00000, 0x0000000084f00000, 0x0000000085000000|  0%| F|  |TAMS 0x0000000084f00000, 0x0000000084f00000| Untracked 
|  30|0x0000000085000000, 0x0000000085000000, 0x0000000085100000|  0%| F|  |TAMS 0x0000000085000000, 0x0000000085000000| Untracked 
|  31|0x0000000085100000, 0x0000000085200000, 0x0000000085200000|100%| E|  |TAMS 0x0000000085100000, 0x0000000085100000| Complete 
|  32|0x0000000085200000, 0x0000000085300000, 0x0000000085300000|100%| E|CS|TAMS 0x0000000085200000, 0x0000000085200000| Complete 
|  33|0x0000000085300000, 0x0000000085400000, 0x0000000085400000|100%| E|CS|TAMS 0x0000000085300000, 0x0000000085300000| Complete 
|  34|0x0000000085400000, 0x0000000085500000, 0x0000000085500000|100%| E|CS|TAMS 0x0000000085400000, 0x0000000085400000| Complete 
|  35|0x0000000085500000, 0x0000000085600000, 0x0000000085600000|100%| E|CS|TAMS 0x0000000085500000, 0x0000000085500000| Complete 
|  36|0x0000000085600000, 0x0000000085700000, 0x0000000085700000|100%| E|CS|TAMS 0x0000000085600000, 0x0000000085600000| Complete 
|  37|0x0000000085700000, 0x0000000085800000, 0x0000000085800000|100%| E|CS|TAMS 0x0000000085700000, 0x0000000085700000| Complete 
|  38|0x0000000085800000, 0x0000000085900000, 0x0000000085900000|100%| E|CS|TAMS 0x0000000085800000, 0x0000000085800000| Complete 
|  39|0x0000000085900000, 0x0000000085a00000, 0x0000000085a00000|100%| E|CS|TAMS 0x0000000085900000, 0x0000000085900000| Complete 
|  40|0x0000000085a00000, 0x0000000085b00000, 0x0000000085b00000|100%| E|CS|TAMS 0x0000000085a00000, 0x0000000085a00000| Complete 
|  41|0x0000000085b00000, 0x0000000085c00000, 0x0000000085c00000|100%| E|CS|TAMS 0x0000000085b00000, 0x0000000085b00000| Complete 
|  42|0x0000000085c00000, 0x0000000085d00000, 0x0000000085d00000|100%| E|CS|TAMS 0x0000000085c00000, 0x0000000085c00000| Complete 
|  43|0x0000000085d00000, 0x0000000085e00000, 0x0000000085e00000|100%| E|CS|TAMS 0x0000000085d00000, 0x0000000085d00000| Complete 
|  44|0x0000000085e00000, 0x0000000085f00000, 0x0000000085f00000|100%| E|CS|TAMS 0x0000000085e00000, 0x0000000085e00000| Complete 
|  45|0x0000000085f00000, 0x0000000086000000, 0x0000000086000000|100%| E|CS|TAMS 0x0000000085f00000, 0x0000000085f00000| Complete 
|  46|0x0000000086000000, 0x0000000086100000, 0x0000000086100000|100%| E|CS|TAMS 0x0000000086000000, 0x0000000086000000| Complete 
|  47|0x0000000086100000, 0x0000000086200000, 0x0000000086200000|100%| E|CS|TAMS 0x0000000086100000, 0x0000000086100000| Complete 
|  48|0x0000000086200000, 0x0000000086300000, 0x0000000086300000|100%| E|CS|TAMS 0x0000000086200000, 0x0000000086200000| Complete 
|  49|0x0000000086300000, 0x0000000086400000, 0x0000000086400000|100%| E|CS|TAMS 0x0000000086300000, 0x0000000086300000| Complete 
|  50|0x0000000086400000, 0x0000000086500000, 0x0000000086500000|100%| E|CS|TAMS 0x0000000086400000, 0x0000000086400000| Complete 
|  53|0x0000000086700000, 0x0000000086800000, 0x0000000086800000|100%| E|CS|TAMS 0x0000000086700000, 0x0000000086700000| Complete 
|  54|0x0000000086800000, 0x0000000086900000, 0x0000000086900000|100%| E|CS|TAMS 0x0000000086800000, 0x0000000086800000| Complete 
|  55|0x0000000086900000, 0x0000000086a00000, 0x0000000086a00000|100%| E|CS|TAMS 0x0000000086900000, 0x0000000086900000| Complete 
|  56|0x0000000086a00000, 0x0000000086b00000, 0x0000000086b00000|100%| E|CS|TAMS 0x0000000086a00000, 0x0000000086a00000| Complete 
|  57|0x0000000086b00000, 0x0000000086c00000, 0x0000000086c00000|100%| E|CS|TAMS 0x0000000086b00000, 0x0000000086b00000| Complete 
| 125|0x000000008af00000, 0x000000008b000000, 0x000000008b000000|100%| E|CS|TAMS 0x000000008af00000, 0x000000008af00000| Complete 

Card table byte_map: [0x000001ac9ce10000,0x000001ac9d200000] _byte_map_base: 0x000001ac9c9f7000

Marking Bits (Prev, Next): (CMBitMap*) 0x000001ac830b3b08, (CMBitMap*) 0x000001ac830b3ac8
 Prev Bits: [0x000001ac9f530000, 0x000001aca1468000)
 Next Bits: [0x000001ac9d5f0000, 0x000001ac9f528000)

Polling page: 0x000001ac82ee0000

Metaspace:

Usage:
  Non-class:     29.32 MB capacity,    28.74 MB ( 98%) used,   482.40 KB (  2%) free+waste,   113.00 KB ( <1%) overhead. 
      Class:      4.68 MB capacity,     4.32 MB ( 92%) used,   314.99 KB (  7%) free+waste,    54.19 KB (  1%) overhead. 
       Both:     34.00 MB capacity,    33.06 MB ( 97%) used,   797.39 KB (  2%) free+waste,   167.19 KB ( <1%) overhead. 

Virtual space:
  Non-class space:       30.00 MB reserved,      29.42 MB ( 98%) committed 
      Class space:        1.00 GB reserved,       4.75 MB ( <1%) committed 
             Both:        1.03 GB reserved,      34.17 MB (  3%) committed 

Chunk freelists:
   Non-Class:  41.00 KB
       Class:  4.00 KB
        Both:  45.00 KB

MaxMetaspaceSize: 17179869184.00 GB
CompressedClassSpaceSize: 1.00 GB

CodeHeap 'non-profiled nmethods': size=120000Kb used=2464Kb max_used=2464Kb free=117535Kb
 bounds [0x000001ac94a80000, 0x000001ac94cf0000, 0x000001ac9bfb0000]
CodeHeap 'profiled nmethods': size=120000Kb used=8961Kb max_used=8961Kb free=111038Kb
 bounds [0x000001ac8d550000, 0x000001ac8de20000, 0x000001ac94a80000]
CodeHeap 'non-nmethods': size=5760Kb used=1244Kb max_used=1315Kb free=4515Kb
 bounds [0x000001ac8cfb0000, 0x000001ac8d220000, 0x000001ac8d550000]
 total_blobs=5621 nmethods=3841 adapters=414
 compilation: enabled
              stopped_count=0, restarted_count=0
 full_count=0

Compilation events (20 events):
Event: 3.264 Thread 0x000001aca3f70000 3841       3       java.util.Calendar::get (10 bytes)
Event: 3.265 Thread 0x000001aca3f70000 nmethod 3841 0x000001ac8de0d890 code [0x000001ac8de0da40, 0x000001ac8de0dcc8]
Event: 3.281 Thread 0x000001aca3f70000 3842       3       jdk.internal.loader.URLClassPath$1::next (59 bytes)
Event: 3.281 Thread 0x000001aca3f70000 nmethod 3842 0x000001ac8de0de10 code [0x000001ac8de0dfe0, 0x000001ac8de0e3f8]
Event: 3.302 Thread 0x000001aca7820000 nmethod 3735 0x000001ac94cd4f10 code [0x000001ac94cd5c00, 0x000001ac94cdc6e0]
Event: 3.303 Thread 0x000001aca7820000 3776       4       java.lang.Object::<init> (1 bytes)
Event: 3.303 Thread 0x000001aca7820000 nmethod 3776 0x000001ac94ce0190 code [0x000001ac94ce0300, 0x000001ac94ce03b8]
Event: 3.303 Thread 0x000001aca7820000 3748       4       org.springframework.core.BridgeMethodResolver::findBridgedMethod (117 bytes)
Event: 3.315 Thread 0x000001aca3f70000 3843       1       java.util.Collections$EmptyEnumeration::hasMoreElements (2 bytes)
Event: 3.315 Thread 0x000001aca3f70000 nmethod 3843 0x000001ac94ce0490 code [0x000001ac94ce0620, 0x000001ac94ce06f8]
Event: 3.322 Thread 0x000001aca3f70000 3844       3       java.lang.Throwable::<init> (39 bytes)
Event: 3.323 Thread 0x000001aca3f70000 nmethod 3844 0x000001ac8de0e510 code [0x000001ac8de0e6e0, 0x000001ac8de0eb28]
Event: 3.340 Thread 0x000001aca3f70000 3845       3       java.util.stream.FindOps$FindOp::evaluateSequential (39 bytes)
Event: 3.341 Thread 0x000001aca3f70000 nmethod 3845 0x000001ac8de0ec10 code [0x000001ac8de0ee00, 0x000001ac8de0f448]
Event: 3.341 Thread 0x000001aca3f70000 3846       3       java.util.stream.FindOps$FindSink::<init> (5 bytes)
Event: 3.341 Thread 0x000001aca3f70000 nmethod 3846 0x000001ac8de0f610 code [0x000001ac8de0f7a0, 0x000001ac8de0f918]
Event: 3.341 Thread 0x000001aca3f70000 3847       1       sun.util.calendar.CalendarDate::getYear (5 bytes)
Event: 3.341 Thread 0x000001aca3f70000 nmethod 3847 0x000001ac94ce0790 code [0x000001ac94ce0920, 0x000001ac94ce09f8]
Event: 3.348 Thread 0x000001aca49d3000 nmethod 3746 0x000001ac94ce0a90 code [0x000001ac94ce13c0, 0x000001ac94ce58a0]
Event: 3.348 Thread 0x000001aca49d3000 3732       4       org.springframework.core.annotation.AnnotationsScanner::processMethodHierarchy (274 bytes)

GC Heap History (16 events):
Event: 0.554 GC heap before
{Heap before GC invocations=0 (full 0):
 garbage-first heap   total 129024K, used 23552K [0x0000000083200000, 0x0000000100000000)
  region size 1024K, 23 young (23552K), 0 survivors (0K)
 Metaspace       used 5013K, capacity 6854K, committed 7040K, reserved 1056768K
  class space    used 578K, capacity 778K, committed 896K, reserved 1048576K
}
Event: 0.559 GC heap after
{Heap after GC invocations=1 (full 0):
 garbage-first heap   total 129024K, used 7426K [0x0000000083200000, 0x0000000100000000)
  region size 1024K, 3 young (3072K), 3 survivors (3072K)
 Metaspace       used 5013K, capacity 6854K, committed 7040K, reserved 1056768K
  class space    used 578K, capacity 778K, committed 896K, reserved 1048576K
}
Event: 0.753 GC heap before
{Heap before GC invocations=1 (full 0):
 garbage-first heap   total 129024K, used 34050K [0x0000000083200000, 0x0000000100000000)
  region size 1024K, 29 young (29696K), 3 survivors (3072K)
 Metaspace       used 8900K, capacity 9670K, committed 9856K, reserved 1058816K
  class space    used 1173K, capacity 1295K, committed 1408K, reserved 1048576K
}
Event: 0.757 GC heap after
{Heap after GC invocations=2 (full 0):
 garbage-first heap   total 129024K, used 8627K [0x0000000083200000, 0x0000000100000000)
  region size 1024K, 2 young (2048K), 2 survivors (2048K)
 Metaspace       used 8900K, capacity 9670K, committed 9856K, reserved 1058816K
  class space    used 1173K, capacity 1295K, committed 1408K, reserved 1048576K
}
Event: 1.169 GC heap before
{Heap before GC invocations=2 (full 0):
 garbage-first heap   total 129024K, used 69043K [0x0000000083200000, 0x0000000100000000)
  region size 1024K, 62 young (63488K), 2 survivors (2048K)
 Metaspace       used 17660K, capacity 18245K, committed 18432K, reserved 1064960K
  class space    used 2294K, capacity 2516K, committed 2560K, reserved 1048576K
}
Event: 1.173 GC heap after
{Heap after GC invocations=3 (full 0):
 garbage-first heap   total 129024K, used 10571K [0x0000000083200000, 0x0000000100000000)
  region size 1024K, 4 young (4096K), 4 survivors (4096K)
 Metaspace       used 17660K, capacity 18245K, committed 18432K, reserved 1064960K
  class space    used 2294K, capacity 2516K, committed 2560K, reserved 1048576K
}
Event: 1.758 GC heap before
{Heap before GC invocations=3 (full 0):
 garbage-first heap   total 129024K, used 74059K [0x0000000083200000, 0x0000000100000000)
  region size 1024K, 68 young (69632K), 4 survivors (4096K)
 Metaspace       used 20439K, capacity 21148K, committed 21296K, reserved 1067008K
  class space    used 2612K, capacity 2900K, committed 2944K, reserved 1048576K
}
Event: 1.763 GC heap after
{Heap after GC invocations=4 (full 0):
 garbage-first heap   total 129024K, used 12040K [0x0000000083200000, 0x0000000100000000)
  region size 1024K, 5 young (5120K), 5 survivors (5120K)
 Metaspace       used 20439K, capacity 21148K, committed 21296K, reserved 1067008K
  class space    used 2612K, capacity 2900K, committed 2944K, reserved 1048576K
}
Event: 2.120 GC heap before
{Heap before GC invocations=5 (full 0):
 garbage-first heap   total 48128K, used 35592K [0x0000000083200000, 0x0000000100000000)
  region size 1024K, 28 young (28672K), 5 survivors (5120K)
 Metaspace       used 22678K, capacity 23471K, committed 23728K, reserved 1069056K
  class space    used 2934K, capacity 3241K, committed 3328K, reserved 1048576K
}
Event: 2.128 GC heap after
{Heap after GC invocations=6 (full 0):
 garbage-first heap   total 58368K, used 13178K [0x0000000083200000, 0x0000000100000000)
  region size 1024K, 3 young (3072K), 3 survivors (3072K)
 Metaspace       used 22678K, capacity 23471K, committed 23728K, reserved 1069056K
  class space    used 2934K, capacity 3241K, committed 3328K, reserved 1048576K
}
Event: 2.692 GC heap before
{Heap before GC invocations=6 (full 0):
 garbage-first heap   total 58368K, used 40826K [0x0000000083200000, 0x0000000100000000)
  region size 1024K, 31 young (31744K), 3 survivors (3072K)
 Metaspace       used 27281K, capacity 28187K, committed 28464K, reserved 1073152K
  class space    used 3546K, capacity 3907K, committed 3968K, reserved 1048576K
}
Event: 2.700 GC heap after
{Heap after GC invocations=7 (full 0):
 garbage-first heap   total 58368K, used 15391K [0x0000000083200000, 0x0000000100000000)
  region size 1024K, 4 young (4096K), 4 survivors (4096K)
 Metaspace       used 27281K, capacity 28187K, committed 28464K, reserved 1073152K
  class space    used 3546K, capacity 3907K, committed 3968K, reserved 1048576K
}
Event: 2.946 GC heap before
{Heap before GC invocations=7 (full 0):
 garbage-first heap   total 58368K, used 40991K [0x0000000083200000, 0x0000000100000000)
  region size 1024K, 30 young (30720K), 4 survivors (4096K)
 Metaspace       used 29650K, capacity 30621K, committed 30768K, reserved 1075200K
  class space    used 3819K, capacity 4186K, committed 4224K, reserved 1048576K
}
Event: 2.956 GC heap after
{Heap after GC invocations=8 (full 0):
 garbage-first heap   total 58368K, used 16592K [0x0000000083200000, 0x0000000100000000)
  region size 1024K, 2 young (2048K), 2 survivors (2048K)
 Metaspace       used 29650K, capacity 30621K, committed 30768K, reserved 1075200K
  class space    used 3819K, capacity 4186K, committed 4224K, reserved 1048576K
}
Event: 2.982 GC heap before
{Heap before GC invocations=8 (full 0):
 garbage-first heap   total 58368K, used 42192K [0x0000000083200000, 0x0000000100000000)
  region size 1024K, 28 young (28672K), 2 survivors (2048K)
 Metaspace       used 29669K, capacity 30621K, committed 30768K, reserved 1075200K
  class space    used 3819K, capacity 4186K, committed 4224K, reserved 1048576K
}
Event: 2.985 GC heap after
{Heap after GC invocations=9 (full 0):
 garbage-first heap   total 58368K, used 16272K [0x0000000083200000, 0x0000000100000000)
  region size 1024K, 1 young (1024K), 1 survivors (1024K)
 Metaspace       used 29669K, capacity 30621K, committed 30768K, reserved 1075200K
  class space    used 3819K, capacity 4186K, committed 4224K, reserved 1048576K
}

Deoptimization events (20 events):
Event: 3.150 Thread 0x000001ac83070800 DEOPT PACKING pc=0x000001ac94b0b0a8 sp=0x000000a02b9fb7d0
Event: 3.150 Thread 0x000001ac83070800 DEOPT UNPACKING pc=0x000001ac8cfb852f sp=0x000000a02b9fb6e8 mode 2
Event: 3.157 Thread 0x000001ac83070800 Uncommon trap: trap_request=0xffffffde fr.pc=0x000001ac94c978ec relative=0x000000000000034c
Event: 3.157 Thread 0x000001ac83070800 Uncommon trap: reason=class_check action=maybe_recompile pc=0x000001ac94c978ec method=java.lang.StringConcatHelper.stringOf(Ljava/lang/Object;)Ljava/lang/String; @ 5 c2
Event: 3.157 Thread 0x000001ac83070800 DEOPT PACKING pc=0x000001ac94c978ec sp=0x000000a02b9fa640
Event: 3.157 Thread 0x000001ac83070800 DEOPT UNPACKING pc=0x000001ac8cfb852f sp=0x000000a02b9fa580 mode 2
Event: 3.172 Thread 0x000001ac83070800 Uncommon trap: trap_request=0xffffff45 fr.pc=0x000001ac94c2c5dc relative=0x0000000000000a9c
Event: 3.172 Thread 0x000001ac83070800 Uncommon trap: reason=unstable_if action=reinterpret pc=0x000001ac94c2c5dc method=org.springframework.beans.factory.support.DefaultSingletonBeanRegistry.getSingleton(Ljava/lang/String;Z)Ljava/lang/Object; @ 47 c2
Event: 3.172 Thread 0x000001ac83070800 DEOPT PACKING pc=0x000001ac94c2c5dc sp=0x000000a02b9fc1b0
Event: 3.172 Thread 0x000001ac83070800 DEOPT UNPACKING pc=0x000001ac8cfb852f sp=0x000000a02b9fc158 mode 2
Event: 3.195 Thread 0x000001ac83070800 Uncommon trap: trap_request=0xffffff45 fr.pc=0x000001ac94b1e8cc relative=0x00000000000013ac
Event: 3.195 Thread 0x000001ac83070800 Uncommon trap: reason=unstable_if action=reinterpret pc=0x000001ac94b1e8cc method=java.util.concurrent.ConcurrentHashMap.transfer([Ljava/util/concurrent/ConcurrentHashMap$Node;[Ljava/util/concurrent/ConcurrentHashMap$Node;)V @ 352 c2
Event: 3.195 Thread 0x000001ac83070800 DEOPT PACKING pc=0x000001ac94b1e8cc sp=0x000000a02b9fd6e0
Event: 3.195 Thread 0x000001ac83070800 DEOPT UNPACKING pc=0x000001ac8cfb852f sp=0x000000a02b9fd678 mode 2
Event: 3.197 Thread 0x000001ac83070800 Uncommon trap: trap_request=0xffffff45 fr.pc=0x000001ac94b1415c relative=0x000000000000119c
Event: 3.197 Thread 0x000001ac83070800 Uncommon trap: reason=unstable_if action=reinterpret pc=0x000001ac94b1415c method=java.util.concurrent.ConcurrentHashMap.transfer([Ljava/util/concurrent/ConcurrentHashMap$Node;[Ljava/util/concurrent/ConcurrentHashMap$Node;)V @ 352 c2
Event: 3.197 Thread 0x000001ac83070800 DEOPT PACKING pc=0x000001ac94b1415c sp=0x000000a02b9fd700
Event: 3.197 Thread 0x000001ac83070800 DEOPT UNPACKING pc=0x000001ac8cfb852f sp=0x000000a02b9fd678 mode 2
Event: 3.344 Thread 0x000001ac83070800 DEOPT PACKING pc=0x000001ac8dd926d0 sp=0x000000a02b9f7ce0
Event: 3.344 Thread 0x000001ac83070800 DEOPT UNPACKING pc=0x000001ac8cff83de sp=0x000000a02b9f7168 mode 0

Classes unloaded (1 events):
Event: 1.769 Thread 0x000001aca3f40800 Unloading class 0x0000000800bea040 'org/springframework/core/GenericTypeResolver$$Lambda$69'

Classes redefined (0 events):
No events

Internal exceptions (20 events):
Event: 3.157 Thread 0x000001ac83070800 Implicit null exception at 0x000001ac8db00835 to 0x000001ac8db00e1b
Event: 3.157 Thread 0x000001ac83070800 Exception <a 'java/lang/NullPointerException'{0x00000000861fd990}> (0x00000000861fd990) 
thrown [./open/src/hotspot/share/runtime/sharedRuntime.cpp, line 584]
Event: 3.157 Thread 0x000001ac83070800 Implicit null exception at 0x000001ac8db00835 to 0x000001ac8db00e1b
Event: 3.157 Thread 0x000001ac83070800 Exception <a 'java/lang/NullPointerException'{0x00000000861fe820}> (0x00000000861fe820) 
thrown [./open/src/hotspot/share/runtime/sharedRuntime.cpp, line 584]
Event: 3.157 Thread 0x000001ac83070800 Implicit null exception at 0x000001ac8db00835 to 0x000001ac8db00e1b
Event: 3.157 Thread 0x000001ac83070800 Exception <a 'java/lang/NullPointerException'{0x00000000861ff6c0}> (0x00000000861ff6c0) 
thrown [./open/src/hotspot/share/runtime/sharedRuntime.cpp, line 584]
Event: 3.157 Thread 0x000001ac83070800 Implicit null exception at 0x000001ac8db00835 to 0x000001ac8db00e1b
Event: 3.157 Thread 0x000001ac83070800 Exception <a 'java/lang/NullPointerException'{0x0000000086001008}> (0x0000000086001008) 
thrown [./open/src/hotspot/share/runtime/sharedRuntime.cpp, line 584]
Event: 3.158 Thread 0x000001ac83070800 Implicit null exception at 0x000001ac8db00835 to 0x000001ac8db00e1b
Event: 3.158 Thread 0x000001ac83070800 Exception <a 'java/lang/NullPointerException'{0x0000000086001e18}> (0x0000000086001e18) 
thrown [./open/src/hotspot/share/runtime/sharedRuntime.cpp, line 584]
Event: 3.158 Thread 0x000001ac83070800 Implicit null exception at 0x000001ac8db00835 to 0x000001ac8db00e1b
Event: 3.158 Thread 0x000001ac83070800 Exception <a 'java/lang/NullPointerException'{0x0000000086002c50}> (0x0000000086002c50) 
thrown [./open/src/hotspot/share/runtime/sharedRuntime.cpp, line 584]
Event: 3.158 Thread 0x000001ac83070800 Implicit null exception at 0x000001ac8db00835 to 0x000001ac8db00e1b
Event: 3.158 Thread 0x000001ac83070800 Exception <a 'java/lang/NullPointerException'{0x0000000086004070}> (0x0000000086004070) 
thrown [./open/src/hotspot/share/runtime/sharedRuntime.cpp, line 584]
Event: 3.158 Thread 0x000001ac83070800 Implicit null exception at 0x000001ac8db00835 to 0x000001ac8db00e1b
Event: 3.158 Thread 0x000001ac83070800 Exception <a 'java/lang/NullPointerException'{0x0000000086004f10}> (0x0000000086004f10) 
thrown [./open/src/hotspot/share/runtime/sharedRuntime.cpp, line 584]
Event: 3.158 Thread 0x000001ac83070800 Implicit null exception at 0x000001ac8db00835 to 0x000001ac8db00e1b
Event: 3.158 Thread 0x000001ac83070800 Exception <a 'java/lang/NullPointerException'{0x0000000086005d98}> (0x0000000086005d98) 
thrown [./open/src/hotspot/share/runtime/sharedRuntime.cpp, line 584]
Event: 3.158 Thread 0x000001ac83070800 Implicit null exception at 0x000001ac8db00835 to 0x000001ac8db00e1b
Event: 3.158 Thread 0x000001ac83070800 Exception <a 'java/lang/NullPointerException'{0x0000000086007350}> (0x0000000086007350) 
thrown [./open/src/hotspot/share/runtime/sharedRuntime.cpp, line 584]

Events (20 events):
Event: 3.117 loading class java/util/concurrent/ForkJoinPool$ManagedBlocker done
Event: 3.117 loading class java/util/concurrent/locks/AbstractQueuedSynchronizer$ConditionNode done
Event: 3.118 Executing VM operation: HandshakeAllThreads
Event: 3.118 Executing VM operation: HandshakeAllThreads done
Event: 3.122 Thread 0x000001aca8e29800 Thread added: 0x000001aca8e29800
Event: 3.154 loading class java/util/concurrent/Executors$FinalizableDelegatedExecutorService
Event: 3.154 loading class java/util/concurrent/Executors$DelegatedExecutorService
Event: 3.154 loading class java/util/concurrent/Executors$DelegatedExecutorService done
Event: 3.154 loading class java/util/concurrent/Executors$FinalizableDelegatedExecutorService done
Event: 3.155 Executing VM operation: HandshakeAllThreads
Event: 3.155 Executing VM operation: HandshakeAllThreads done
Event: 3.155 Thread 0x000001acaa40b800 Thread added: 0x000001acaa40b800
Event: 3.190 loading class jdk/internal/vm/annotation/Hidden
Event: 3.190 loading class jdk/internal/vm/annotation/Hidden done
Event: 3.212 loading class javax/naming/Referenceable
Event: 3.212 loading class javax/naming/Referenceable done
Event: 3.264 loading class java/util/IllegalFormatException
Event: 3.264 loading class java/util/IllegalFormatException done
Event: 3.364 loading class java/lang/Process
Event: 3.364 loading class java/lang/Process done


Dynamic libraries:
0x00007ff6d1f40000 - 0x00007ff6d1f4d000 	C:\Users\sumit\.jdks\openjdk-14.0.1\bin\java.exe
0x00007ffd88980000 - 0x00007ffd88b70000 	C:\Windows\SYSTEM32\ntdll.dll
0x00007ffd86f80000 - 0x00007ffd87032000 	C:\Windows\System32\KERNEL32.DLL
0x00007ffd866d0000 - 0x00007ffd86973000 	C:\Windows\System32\KERNELBASE.dll
0x00007ffd85b60000 - 0x00007ffd85c5a000 	C:\Windows\System32\ucrtbase.dll
0x00007ffd80720000 - 0x00007ffd80738000 	C:\Users\sumit\.jdks\openjdk-14.0.1\bin\jli.dll
0x00007ffd80740000 - 0x00007ffd80755000 	C:\Users\sumit\.jdks\openjdk-14.0.1\bin\VCRUNTIME140.dll
0x00007ffd877d0000 - 0x00007ffd87964000 	C:\Windows\System32\USER32.dll
0x00007ffd85930000 - 0x00007ffd85951000 	C:\Windows\System32\win32u.dll
0x00007ffd87690000 - 0x00007ffd876b6000 	C:\Windows\System32\GDI32.dll
0x00007ffd70330000 - 0x00007ffd705b5000 	C:\Windows\WinSxS\amd64_microsoft.windows.common-controls_6595b64144ccf1df_6.0.18362.449_none_e6c7b265130c70a7\COMCTL32.dll
0x00007ffd85cb0000 - 0x00007ffd85e44000 	C:\Windows\System32\gdi32full.dll
0x00007ffd85e50000 - 0x00007ffd85eee000 	C:\Windows\System32\msvcp_win.dll
0x00007ffd88680000 - 0x00007ffd8871e000 	C:\Windows\System32\msvcrt.dll
0x00007ffd86b90000 - 0x00007ffd86ec6000 	C:\Windows\System32\combase.dll
0x00007ffd874e0000 - 0x00007ffd87600000 	C:\Windows\System32\RPCRT4.dll
0x00007ffd85960000 - 0x00007ffd859e0000 	C:\Windows\System32\bcryptPrimitives.dll
0x00007ffd87350000 - 0x00007ffd8737e000 	C:\Windows\System32\IMM32.DLL
0x00007ffd7e890000 - 0x00007ffd7e92b000 	C:\Users\sumit\.jdks\openjdk-14.0.1\bin\msvcp140.dll
0x00007ffd46c00000 - 0x00007ffd4771e000 	C:\Users\sumit\.jdks\openjdk-14.0.1\bin\server\jvm.dll
0x00007ffd870e0000 - 0x00007ffd87183000 	C:\Windows\System32\ADVAPI32.dll
0x00007ffd87040000 - 0x00007ffd870d7000 	C:\Windows\System32\sechost.dll
0x00007ffd86b80000 - 0x00007ffd86b88000 	C:\Windows\System32\PSAPI.DLL
0x00007ffd83100000 - 0x00007ffd83124000 	C:\Windows\SYSTEM32\WINMM.dll
0x00007ffd807c0000 - 0x00007ffd807c9000 	C:\Windows\SYSTEM32\WSOCK32.dll
0x00007ffd7f970000 - 0x00007ffd7f97a000 	C:\Windows\SYSTEM32\VERSION.dll
0x00007ffd88720000 - 0x00007ffd8878f000 	C:\Windows\System32\WS2_32.dll
0x00007ffd82fa0000 - 0x00007ffd82fcd000 	C:\Windows\SYSTEM32\WINMMBASE.dll
0x00007ffd85c60000 - 0x00007ffd85caa000 	C:\Windows\System32\cfgmgr32.dll
0x00007ffd858f0000 - 0x00007ffd85901000 	C:\Windows\System32\kernel.appcore.dll
0x00007ffd831c0000 - 0x00007ffd831ca000 	C:\Users\sumit\.jdks\openjdk-14.0.1\bin\jimage.dll
0x00007ffd84180000 - 0x00007ffd84374000 	C:\Windows\SYSTEM32\DBGHELP.DLL
0x00007ffd7db80000 - 0x00007ffd7dbaa000 	C:\Windows\SYSTEM32\dbgcore.DLL
0x00007ffd7e860000 - 0x00007ffd7e86e000 	C:\Users\sumit\.jdks\openjdk-14.0.1\bin\instrument.dll
0x00007ffd802b0000 - 0x00007ffd802d5000 	C:\Users\sumit\.jdks\openjdk-14.0.1\bin\java.dll
0x00007ffd80200000 - 0x00007ffd80216000 	C:\Users\sumit\.jdks\openjdk-14.0.1\bin\zip.dll
0x00007ffd879e0000 - 0x00007ffd880c5000 	C:\Windows\System32\SHELL32.dll
0x00007ffd86ed0000 - 0x00007ffd86f79000 	C:\Windows\System32\shcore.dll
0x00007ffd85f50000 - 0x00007ffd866ce000 	C:\Windows\System32\windows.storage.dll
0x00007ffd858d0000 - 0x00007ffd858ef000 	C:\Windows\System32\profapi.dll
0x00007ffd85880000 - 0x00007ffd858ca000 	C:\Windows\System32\powrprof.dll
0x00007ffd85850000 - 0x00007ffd85860000 	C:\Windows\System32\UMPDC.dll
0x00007ffd88790000 - 0x00007ffd887e2000 	C:\Windows\System32\shlwapi.dll
0x00007ffd85910000 - 0x00007ffd85927000 	C:\Windows\System32\cryptsp.dll
0x00007ffd80100000 - 0x00007ffd80119000 	C:\Users\sumit\.jdks\openjdk-14.0.1\bin\net.dll
0x00007ffd7f160000 - 0x00007ffd7f250000 	C:\Windows\SYSTEM32\WINHTTP.dll
0x00007ffd85060000 - 0x00007ffd850c7000 	C:\Windows\system32\mswsock.dll
0x00007ffd800b0000 - 0x00007ffd800c2000 	C:\Users\sumit\.jdks\openjdk-14.0.1\bin\nio.dll
0x00007ffd80710000 - 0x00007ffd80720000 	C:\Users\sumit\.jdks\openjdk-14.0.1\bin\verify.dll
0x00007ffd77450000 - 0x00007ffd7746a000 	C:\Program Files\JetBrains\IntelliJ IDEA Educational Edition 2020.1.1\bin\breakgen64.dll
0x00007ffd801f0000 - 0x00007ffd801f9000 	C:\Users\sumit\.jdks\openjdk-14.0.1\bin\management.dll
0x00007ffd7f3d0000 - 0x00007ffd7f3db000 	C:\Users\sumit\.jdks\openjdk-14.0.1\bin\management_ext.dll
0x00007ffd6fe00000 - 0x00007ffd6fe16000 	C:\Windows\system32\napinsp.dll
0x00007ffd6fd70000 - 0x00007ffd6fd8a000 	C:\Windows\system32\pnrpnsp.dll
0x00007ffd84db0000 - 0x00007ffd84e7a000 	C:\Windows\SYSTEM32\DNSAPI.dll
0x00007ffd87340000 - 0x00007ffd87348000 	C:\Windows\System32\NSI.dll
0x00007ffd84d70000 - 0x00007ffd84daa000 	C:\Windows\SYSTEM32\IPHLPAPI.DLL
0x00007ffd6fbd0000 - 0x00007ffd6fbde000 	C:\Windows\System32\winrnr.dll
0x00007ffd7e400000 - 0x00007ffd7e41c000 	C:\Windows\system32\NLAapi.dll
0x00007ffd815d0000 - 0x00007ffd815e5000 	C:\Windows\system32\wshbth.dll
0x00007ffd76cd0000 - 0x00007ffd76cda000 	C:\Windows\System32\rasadhlp.dll
0x00007ffd7a410000 - 0x00007ffd7a487000 	C:\Windows\System32\fwpuclnt.dll
0x00007ffd85b30000 - 0x00007ffd85b56000 	C:\Windows\System32\bcrypt.dll
0x00007ffd84bd0000 - 0x00007ffd84c03000 	C:\Windows\system32\rsaenh.dll
0x00007ffd85740000 - 0x00007ffd85765000 	C:\Windows\SYSTEM32\USERENV.dll
0x00007ffd85230000 - 0x00007ffd8523c000 	C:\Windows\SYSTEM32\CRYPTBASE.dll
0x00007ffd7bb10000 - 0x00007ffd7bb26000 	C:\Windows\SYSTEM32\dhcpcsvc6.DLL
0x00007ffd7ca30000 - 0x00007ffd7ca4c000 	C:\Windows\SYSTEM32\dhcpcsvc.DLL

dbghelp: loaded successfully - version: 4.0.5 - missing functions: none
symbol engine: initialized successfully - sym options: 0x614 - pdb path: .;C:\Users\sumit\.jdks\openjdk-14.0.1\bin;C:\Windows\SYSTEM32;C:\Windows\WinSxS\amd64_microsoft.windows.common-controls_6595b64144ccf1df_6.0.18362.449_none_e6c7b265130c70a7;C:\Users\sumit\.jdks\openjdk-14.0.1\bin\server;C:\Program Files\JetBrains\IntelliJ IDEA Educational Edition 2020.1.1\bin

VM Arguments:
jvm_args: -javaagent:C:\Program Files\JetBrains\IntelliJ IDEA Educational Edition 2020.1.1\lib\idea_rt.jar=64539:C:\Program Files\JetBrains\IntelliJ IDEA Educational Edition 2020.1.1\bin -Dfile.encoding=UTF-8 
java_command: com.sample.app.demo.DemoApplication
java_class_path (initial): C:\Projects\GIT\repo1\demo\target\classes;C:\Users\sumit\.m2\repository\mysql\mysql-connector-java\8.0.18\mysql-connector-java-8.0.18.jar;C:\Users\sumit\.m2\repository\org\springframework\data\spring-data-jpa\2.2.3.RELEASE\spring-data-jpa-2.2.3.RELEASE.jar;C:\Users\sumit\.m2\repository\org\springframework\data\spring-data-commons\2.2.3.RELEASE\spring-data-commons-2.2.3.RELEASE.jar;C:\Users\sumit\.m2\repository\org\springframework\spring-orm\5.2.2.RELEASE\spring-orm-5.2.2.RELEASE.jar;C:\Users\sumit\.m2\repository\org\springframework\spring-jdbc\5.2.2.RELEASE\spring-jdbc-5.2.2.RELEASE.jar;C:\Users\sumit\.m2\repository\org\springframework\spring-context\5.2.2.RELEASE\spring-context-5.2.2.RELEASE.jar;C:\Users\sumit\.m2\repository\org\springframework\spring-expression\5.2.2.RELEASE\spring-expression-5.2.2.RELEASE.jar;C:\Users\sumit\.m2\repository\org\springframework\spring-aop\5.2.2.RELEASE\spring-aop-5.2.2.RELEASE.jar;C:\Users\sumit\.m2\repository\org\springframework\spring-tx\5.2.2.RELEASE\spring-tx-5.2.2.RELEASE.jar;C:\Users\sumit\.m2\repository\org\springframework\spring-beans\5.2.2.RELEASE\spring-beans-5.2.2.RELEASE.jar;C:\Users\sumit\.m2\repository\org\springframework\spring-core\5.2.2.RELEASE\spring-core-5.2.2.RELEASE.jar;C:\Users\sumit\.m2\repository\org\springframework\spring-jcl\5.2.2.RELEASE\spring-jcl-5.2.2.RELEASE.jar;C:\Users\sumit\.m2\repository\org\aspectj\aspectjrt\1.9.5\aspectjrt-1.9.5.jar;C:\Users\sumit\.m2\repository\org\slf4j\slf4j-api\1.7.29\slf4j-api-1.7.29.jar;C:\Users\sumit\.m2\repository\org\springframework\boot\spring-boot-starter-data-jpa\2.2.2.RELEASE\spring-boot-starter-data-jpa-2.2.2.RELEASE.jar;C:\Users\sumit\.m2\repository\org\springframework\boot\spring-boot-starter-aop\2.2.2.RELEASE\spring-boot-starter-aop-2.2.2.RELEASE.jar;C:\Users\sumit\.m2\repository\org\aspectj\aspectjweaver\1.9.5\aspectjweaver-1.9.5.jar;C:\Users\sumit\.m2\repository\org\springframework\boot\spring-boot-starter-jdbc\2.2.2.RELEASE\spring-
Launcher Type: SUN_STANDARD

[Global flags]
     intx CICompilerCount                          = 4                                         {product} {ergonomic}
     uint ConcGCThreads                            = 2                                         {product} {ergonomic}
     uint G1ConcRefinementThreads                  = 8                                         {product} {ergonomic}
   size_t G1HeapRegionSize                         = 1048576                                   {product} {ergonomic}
    uintx GCDrainStackTargetSize                   = 64                                        {product} {ergonomic}
   size_t InitialHeapSize                          = 132120576                                 {product} {ergonomic}
   size_t MarkStackSize                            = 4194304                                   {product} {ergonomic}
   size_t MaxHeapSize                              = 2095054848                                {product} {ergonomic}
   size_t MaxNewSize                               = 1256194048                                {product} {ergonomic}
   size_t MinHeapDeltaBytes                        = 1048576                                   {product} {ergonomic}
   size_t MinHeapSize                              = 8388608                                   {product} {ergonomic}
    uintx NonNMethodCodeHeapSize                   = 5839372                                {pd product} {ergonomic}
    uintx NonProfiledCodeHeapSize                  = 122909434                              {pd product} {ergonomic}
    uintx ProfiledCodeHeapSize                     = 122909434                              {pd product} {ergonomic}
    uintx ReservedCodeCacheSize                    = 251658240                              {pd product} {ergonomic}
     bool SegmentedCodeCache                       = true                                      {product} {ergonomic}
   size_t SoftMaxHeapSize                          = 2095054848                             {manageable} {ergonomic}
     bool UseCompressedClassPointers               = true                                 {lp64_product} {ergonomic}
     bool UseCompressedOops                        = true                                 {lp64_product} {ergonomic}
     bool UseG1GC                                  = true                                      {product} {ergonomic}
     bool UseLargePagesIndividualAllocation        = false                                  {pd product} {ergonomic}

Logging:
Log output configuration:
 #0: stdout all=warning uptime,level,tags
 #1: stderr all=off uptime,level,tags

Environment Variables:
PATH=C:\Windows\system32;C:\Windows;C:\Windows\System32\Wbem;C:\Windows\System32\WindowsPowerShell\v1.0\;C:\Windows\System32\OpenSSH\;C:\Program Files\TortoiseGit\bin;C:\Program Files\Git\cmd;C:\Program Files\MySQL\MySQL Shell 8.0\bin\;C:\Users\sumit\AppData\Local\Microsoft\WindowsApps;;C:\Program Files\JetBrains\IntelliJ IDEA 2020.1.2\bin;;C:\Program Files\JetBrains\IntelliJ IDEA Educational Edition 2020.1.1\bin;
USERNAME=sumit
OS=Windows_NT
PROCESSOR_IDENTIFIER=Intel64 Family 6 Model 126 Stepping 5, GenuineIntel



---------------  S Y S T E M  ---------------

OS: Windows 10 , 64 bit Build 18362 (10.0.18362.329)
OS uptime: 3 days 22:21 hours

CPU:total 8 (initial active 8) (4 cores per cpu, 2 threads per core) family 6 model 126 stepping 5, cmov, cx8, fxsr, mmx, sse, sse2, sse3, ssse3, sse4.1, sse4.2, popcnt, avx, avx2, aes, clmul, erms, 3dnowpref, lzcnt, ht, tsc, tscinvbit, bmi1, bmi2, adx, evex, sha, fma

Memory: 4k page, system-wide physical 7987M (1988M free)
TotalPageFile size 9907M (AvailPageFile size 1405M)
current process WorkingSet (physical memory assigned to process): 214M, peak: 214M
current process commit charge ("private bytes"): 259M, peak: 285M

vm_info: OpenJDK 64-Bit Server VM (14.0.1+7) for windows-amd64 JRE (14.0.1+7), built on Mar  5 2020 10:30:04 by "mach5one" with MS VC++ 15.9 (VS2017)

END.
